<?xml version="1.0" encoding="UTF-8"?>
<!-- Generated by org.testng.reporters.JUnitReportReporter -->
<testsuite hostname="DESKTOP-SB77N2B" failures="0" tests="1" name="testcase.ControlFind" time="0.019" errors="0" timestamp="2023-05-08T16:38:09 IST" skipped="0">
  <testcase classname="testcase.ControlFind" name="array" time="0.019"/>
  <system-out/>
</testsuite> <!-- testcase.ControlFind -->
