<?xml version="1.0" encoding="UTF-8"?>
<!-- Generated by org.testng.reporters.JUnitReportReporter -->
<testsuite hostname="DESKTOP-SB77N2B" failures="0" tests="1" name="testcase.CreateContacts" time="0.009" errors="0" timestamp="2023-05-29T12:07:24 IST" skipped="0">
  <testcase classname="testcase.CreateContacts" name="verifyNewContact" time="0.009"/>
  <system-out/>
</testsuite> <!-- testcase.CreateContacts -->
