<?xml version="1.0" encoding="UTF-8"?>
<!-- Generated by org.testng.reporters.JUnitReportReporter -->
<testsuite hostname="DESKTOP-SB77N2B" failures="0" tests="1" name="testfile.Login" time="25.293" errors="0" timestamp="2023-04-24T12:54:43 IST" skipped="0">
  <testcase classname="testfile.Login" name="loginTest" time="25.293"/>
  <system-out/>
</testsuite> <!-- testfile.Login -->
