<?xml version="1.0" encoding="UTF-8"?>
<!-- Generated by org.testng.reporters.JUnitReportReporter -->
<testsuite hostname="DESKTOP-SB77N2B" failures="0" tests="1" name="testcase.CreateLead" time="2.500" errors="0" timestamp="2023-04-24T17:06:27 IST" skipped="0">
  <testcase classname="testcase.CreateLead" name="fileSetup" time="2.500"/>
  <system-out/>
</testsuite> <!-- testcase.CreateLead -->
