<?xml version="1.0" encoding="UTF-8"?>
<!-- Generated by org.testng.reporters.JUnitReportReporter -->
<testsuite hostname="DESKTOP-SB77N2B" failures="0" tests="1" name="testfile.ChangeThemeTestFile" time="49.128" errors="0" timestamp="2023-07-10T15:36:23 IST" skipped="0">
  <testcase classname="testfile.ChangeThemeTestFile" name="verifyChangeThemeFunctioanlity" time="49.128"/>
  <system-out/>
</testsuite> <!-- testfile.ChangeThemeTestFile -->
