<?xml version="1.0" encoding="UTF-8"?>
<!-- Generated by org.testng.reporters.JUnitReportReporter -->
<testsuite hostname="DESKTOP-SB77N2B" failures="0" tests="1" name="testcase.ControlFind" time="0.010" errors="0" timestamp="2023-04-28T16:32:07 IST" skipped="0">
  <testcase classname="testcase.ControlFind" name="array" time="0.010"/>
  <system-out/>
</testsuite> <!-- testcase.ControlFind -->
