<?xml version="1.0" encoding="UTF-8"?>
<!-- Generated by org.testng.reporters.JUnitReportReporter -->
<testsuite hostname="DESKTOP-SB77N2B" failures="0" tests="1" name="programfile.Programs1" time="4.289" errors="0" timestamp="2023-05-31T14:46:36 IST" skipped="0">
  <testcase classname="programfile.Programs1" name="main" time="4.289"/>
  <system-out/>
</testsuite> <!-- programfile.Programs1 -->
