<?xml version="1.0" encoding="UTF-8"?>
<!-- Generated by org.testng.reporters.JUnitReportReporter -->
<testsuite hostname="DESKTOP-SB77N2B" failures="0" tests="1" name="testfile.LoginTestFile" time="16.639" errors="0" timestamp="2023-05-02T18:28:22 IST" skipped="0">
  <testcase classname="testfile.LoginTestFile" name="loginTest" time="16.639"/>
  <system-out/>
</testsuite> <!-- testfile.LoginTestFile -->
