<?xml version="1.0" encoding="UTF-8"?>
<!-- Generated by org.testng.reporters.JUnitReportReporter -->
<testsuite hostname="DESKTOP-SB77N2B" failures="0" tests="1" name="utilities.LoginUtilities" time="0.580" errors="0" timestamp="2023-04-18T11:26:19 IST" skipped="0">
  <testcase classname="utilities.LoginUtilities" name="createExcel" time="0.580"/>
  <system-out/>
</testsuite> <!-- utilities.LoginUtilities -->
