<?xml version="1.0" encoding="UTF-8"?>
<!-- Generated by org.testng.reporters.JUnitReportReporter -->
<testsuite hostname="DESKTOP-SB77N2B" failures="0" tests="1" name="testfile.CreateContactsTestFile" time="86.444" errors="0" timestamp="2023-05-29T12:17:03 IST" skipped="0">
  <testcase classname="testfile.CreateContactsTestFile" name="verifyCreateContactFunctionality" time="86.444"/>
  <system-out/>
</testsuite> <!-- testfile.CreateContactsTestFile -->
