<?xml version="1.0" encoding="UTF-8"?>
<!-- Generated by org.testng.reporters.JUnitReportReporter -->
<testsuite hostname="DESKTOP-SB77N2B" failures="0" tests="1" name="base.BaseSetup" time="1.005" errors="0" timestamp="2023-05-02T16:45:38 IST" skipped="0">
  <testcase classname="base.BaseSetup" name="setup" time="1.005"/>
  <system-out/>
</testsuite> <!-- base.BaseSetup -->
