<?xml version="1.0" encoding="UTF-8"?>
<!-- Generated by org.testng.reporters.JUnitReportReporter -->
<testsuite hostname="DESKTOP-SB77N2B" failures="0" tests="1" name="testcase.LoginTest" time="21.647" errors="0" timestamp="2023-04-24T11:43:42 IST" skipped="0">
  <testcase classname="testcase.LoginTest" name="login" time="21.647"/>
  <system-out/>
</testsuite> <!-- testcase.LoginTest -->
